pis id: 3327
executing command: ls
pis id: 0
executing command: ls
pis id: 3329
executing command: cd
pis id: 0
executing command: cd
pis id: 3331
executing command: history
pis id: 0
executing command: history
pis id: 3470
executing command: echo
pis id: 0
executing command: echo
pis id: 3471
executing command: ls
pis id: 0
executing command: ls
pis id: 3472
executing command: cd
pis id: 0
executing command: cd
ho no! error in chdir!: No such file or directory
ho no! error in chdir!
pis id: 3474
executing command: ls
pis id: 0
executing command: ls
pis id: 3476
executing command: history
pis id: 0
executing command: history
pis id: 3478
executing command: history
pis id: 0
executing command: history
