System_Call return num: 3
System_Call_ID: 5
System_Call return num: 268
System_Call_ID: 141
lastChar: 0
Name: task0
Length: 20
lastChar: o
Name: util.o
Length: 20
lastChar: c
Name: util.c
Length: 20
lastChar: h
Name: util.h
Length: 20
lastChar: o
Name: main.o
Length: 20
lastChar: c
Name: main.c
Length: 20
lastChar: t
Name: ae.txt
Length: 20
lastChar: .
Name: .
Length: 16
lastChar: R
Name: DIR
Length: 16
lastChar: s
Name: start.s
Length: 20
lastChar: e
Name: makefile
Length: 20
lastChar: o
Name: start.o
Length: 20
lastChar: .
Name: ..
Length: 16
lastChar: g
Name: err.log
Length: 20
System_Call return num: 0
System_Call_ID: 6
